<?xml version="1.0" encoding="UTF-8"?>
<testng-results skipped="0" failed="0" ignored="0" total="2" passed="2">
  <reporter-output>
  </reporter-output>
  <suite name="All Pet Store Tests" duration-ms="17039" started-at="2019-09-19T13:04:20Z" finished-at="2019-09-19T13:04:37Z">
    <groups>
    </groups>
    <test name="Negative Login Tests" duration-ms="11129" started-at="2019-09-19T13:04:20Z" finished-at="2019-09-19T13:04:31Z">
      <class name="jpstore.tests.FailureLoginTest">
        <test-method status="PASS" signature="beforeClass()[pri:0, instance:jpstore.tests.FailureLoginTest@13fee20c]" name="beforeClass" is-config="true" duration-ms="544" started-at="2019-09-19T13:04:20Z" finished-at="2019-09-19T13:04:20Z">
          <reporter-output>
          </reporter-output>
        </test-method> <!-- beforeClass -->
        <test-method status="PASS" signature="beforeTest()[pri:0, instance:jpstore.tests.FailureLoginTest@13fee20c]" name="beforeTest" is-config="true" duration-ms="7015" started-at="2019-09-19T13:04:20Z" finished-at="2019-09-19T13:04:27Z">
          <reporter-output>
          </reporter-output>
        </test-method> <!-- beforeTest -->
        <test-method status="PASS" signature="asUserTryToLogInWithIncorrectLoginAndPassword()[pri:0, instance:jpstore.tests.FailureLoginTest@13fee20c]" name="asUserTryToLogInWithIncorrectLoginAndPassword" duration-ms="2867" started-at="2019-09-19T13:04:27Z" finished-at="2019-09-19T13:04:30Z">
          <reporter-output>
          </reporter-output>
        </test-method> <!-- asUserTryToLogInWithIncorrectLoginAndPassword -->
        <test-method status="PASS" signature="afterTest()[pri:0, instance:jpstore.tests.FailureLoginTest@13fee20c]" name="afterTest" is-config="true" duration-ms="688" started-at="2019-09-19T13:04:30Z" finished-at="2019-09-19T13:04:31Z">
          <reporter-output>
          </reporter-output>
        </test-method> <!-- afterTest -->
      </class> <!-- jpstore.tests.FailureLoginTest -->
    </test> <!-- Negative Login Tests -->
    <test name="Positive Login Tests" duration-ms="5883" started-at="2019-09-19T13:04:31Z" finished-at="2019-09-19T13:04:37Z">
      <class name="jpstore.tests.PositiveLoginTest">
        <test-method status="PASS" signature="beforeClass()[pri:0, instance:jpstore.tests.PositiveLoginTest@34b7bfc0]" name="beforeClass" is-config="true" duration-ms="2" started-at="2019-09-19T13:04:31Z" finished-at="2019-09-19T13:04:31Z">
          <reporter-output>
          </reporter-output>
        </test-method> <!-- beforeClass -->
        <test-method status="PASS" signature="beforeTest()[pri:0, instance:jpstore.tests.PositiveLoginTest@34b7bfc0]" name="beforeTest" is-config="true" duration-ms="4330" started-at="2019-09-19T13:04:31Z" finished-at="2019-09-19T13:04:35Z">
          <reporter-output>
          </reporter-output>
        </test-method> <!-- beforeTest -->
        <test-method status="PASS" signature="asUserLoginUsingValidLoginAndPassword()[pri:0, instance:jpstore.tests.PositiveLoginTest@34b7bfc0]" name="asUserLoginUsingValidLoginAndPassword" duration-ms="891" started-at="2019-09-19T13:04:35Z" finished-at="2019-09-19T13:04:36Z">
          <reporter-output>
          </reporter-output>
        </test-method> <!-- asUserLoginUsingValidLoginAndPassword -->
        <test-method status="PASS" signature="afterTest()[pri:0, instance:jpstore.tests.PositiveLoginTest@34b7bfc0]" name="afterTest" is-config="true" duration-ms="659" started-at="2019-09-19T13:04:36Z" finished-at="2019-09-19T13:04:37Z">
          <reporter-output>
          </reporter-output>
        </test-method> <!-- afterTest -->
      </class> <!-- jpstore.tests.PositiveLoginTest -->
    </test> <!-- Positive Login Tests -->
  </suite> <!-- All Pet Store Tests -->
</testng-results>
